2279280
2279271
2279259
2279067
2279066
2278990
2278961
2278881
2278876
2278873
2278788
2278775
2278772
2278771
2278774
2278773
2278767
2278770
2278769
2278766
2278765
2278763
2278762
2278631
2278588
2278515
2278288
2278051
2277954
2277864
2277841
2277766
2277635
2277632
2277455
2277450
2277452
2277451
2277427
2277420
2277419
2277416
2277418
2277415
2277362
2277359
2277353
2277341
2277336
2277331
2277270
2277236
2277231
2277219
2277217
2277214
2277159
2277031
2277012
2277006
2277008
2277009
2277007
2277005
2276945
2276941
2276872
2276692
2276567
2276510
2276502
2276431
2276406
2276400
2276367
2276352
2276346
2276316
2276251
2276250
2276218
2276207
2276131
2276080
2276040
2275920
2275860
2275857
2275841
2275757
2275755
2275746
2275743
2275735
2275734
2275676
2275659
2275645
2275620
2275608
2275604
2275484
2275344
2275270
2275215
2275207
2275062
2275007
2274922
2274888
2274855
2274837
2274824
2274803
2274788
2274767
2274755
2274751
2274741
2274730
2274722
2274704
2274667
2274630
2274584
2274581
2274572
2274571
2274568
2274475
2274474
2274464
2274465
2274443
2274442
2274349
2274310
2274309
2274171
2274143
2274091
2274072
2274056
2274047
2274007
2274005
2274003
2273996
2273988
2273969
2273908
2273900
2273876
2273841
2273683
2273458
2273354
2273321
2273242
2273231
2273223
2273184
2273178
2273046
2272959
2272961
2272960
2272957
2272840
2272831
2272783
2272782
2272626
2272618
2272592
2272591
2272563
2272487
2272479
2272458
2272422
2272423
2272421
2272416
2272414
2272401
2272399
2272396
2272395
2272387
2272382
2272376
2272377
2272365
2272358
2272341
2272305
2272299
2272302
2272298
2272276
2272199
2272189
2272126
2272119
2272059
2272008
2271939
2271889
2271886
2271830
2271601
2271595
2271513
2271493
2271474
2271342
2271338
2271339
2271336
2271333
2271335
2271334
2271330
2271329
2271331
2271328
2271325
2271326
2271327
2271324
2271323
2271311
2271293
2271280
2271274
2271252
2271185
2271160
2271131
2271127
2271040
2270896
2270889
2270877
2270874
2270794
2270792
2270788
2270768
2270763
2270754
2270731
2270719
2270680
2270665
2270660
2270640
2270535
2270506
2270452
2270440
2270410
2270412
2270408
2270322
2270292
2270276
2269921
2269891
2269869
2269841
2269832
2269797
2269718
2269698
2269636
2269630
2269562
2269555
2269552
2269551
2269553
2269547
2269550
2269548
2269545
2269546
2269543
2269542
2269540
2269539
2269534
2269531
2269528
2269437
2269366
2269262
2269000
2268986
2268968
2268951
2268881
2268853
2268791
2268774
2268741
2268717
2268713
2268689
2268638
2268595
2268586
2268575
2268542
2268485
2268473
2268443
2268425
2268420
2268418
2268368
2268351
2268346
2268337
2268333
2268274
2268258
2267924
2267811
2267802
2267791
2267760
2267658
2267608
2267565
2267536
2267510
2267410
2267398
2267311
2267150
2267146
2267096
2267047
2267046
2266925
2266917
2266913
2266885
2266827
2266790
2266770
2266761
2266712
2266692
2266673
2266654
2266605
2266557
2266497
2266414
2266345
2266334
2266331
2266228
2266142
2266138
2266101
2266095
2266075
2265888
2265882
2265874
2265870
2265867
2265858
2265857
2265831
2265782
2265760
2265737
2265708
2265540
2265521
2265457
2265404
2265366
2265365
2265357
2265306
2265268
2265259
2265234
2265223
2265214
2265171
2265170
2265158
2265137
2265129
2265127
2265128
2265126
2265125
2265124
2265121
2265122
2265123
2265118
2265119
2265120
2265115
2265116
2265117
2265114
2265113
2265109
2265111
2265112
2265108
2265107
2265106
2265096
2265091
2265075
2265045
2265015
2264988
2264955
2264784
2264768
2264761
2264738
2264651
2264644
2264637
2264618
2264602
2264598
2264594
2264592
2264589
2264591
2264593
2264590
2264588
2264585
2264577
2264557
2264545
2264519
2264462
2264387
2264367
2264365
2264294
2264139
2264137
2264138
2264014
2263984
2263973
2263965
2263959
2263960
2263954
2263941
2263940
2263938
2263937
2263877
2263875
2263866
2263845
2263837
2263813
2263805
2263786
2263780
2263761
2263665
2263615
2263600
2263587
2263452
2263417
2263106
2263092
2263040
2263039
2263032
2263028
2263014
2262980
2262979
2262977
2262976
2262945
2262940
2262895
2262892
2262871
2262869
2262842
2262809
2262758
2262724
2262663
2262661
2262635
2262603
2262570
2262567
2262548
2262456
2262305
2262291
2262254
2262243
2262237
2262186
2262141
2262123
2262115
2261797
2261710
2261625
2261501
2261458
2261295
2261268
2261247
2261245
2261171
2261154
2261151
2261020
2261004
2260672
2260659
2260561
2260351
2260319
2260222
2260206
2260203
2260183
2260093
2260090
2260012
2259984
2259955
2259745
2259744
2259732
2259730
2259706
2259702
2259656
2259651
2259653
2259602
2259578
2259573
2259562
2259547
2259513
2259505
2259450
2259445
2259440
2259426
2259422
2259423
2259425
2259420
2259421
2259403
2259404
2259383
2259379
2259374
2259276
2259242
2259203
2259183
2259096
2259074
2259055
2259048
2259035
2259003
2258983
2258957
2258955
2258951
2258948
2258902
2258828
2258818
2258791
2258789
2258772
2258771
2258765
2258745
2258742
2258687
2258675
2258566
2258547
2258536
2258537
2258525
2258482
2258473
2258451
2258322
2258311
2258310
2258308
2258305
2258088
2258013
2257982
2257978
2257951
2257915
2257910
2257888
2257884
2257883
2257812
2257811
2257810
2257809
2257758
2257715
2257657
2257570
2257544
2257469
2257455
2257449
2257328
2257256
2257245
2257103
2257068
2257020
2256954
2256925
2256898
2256896
2256883
2256864
2256855
2256768
2256714
2256710
2256706
2256668
2256603
2256589
2256494
2256485
2256477
2256334
2256294
2256187
2256093
2256089
2256077
2256072
2256057
2256007
2255875
2255867
2255866
2255721
2255673
2255596
2255593
2255579
2255564
2255558
2255555
2255442
2255280
2255166
2255082
2255083
2255080
2254959
2254924
2254913
2254890
2254866
2254854
2254851
2254838
2254822
2254808
2254752
2254738
2254694
2254681
2254676
2254662
2254615
2254579
2254578
2254517
2254516
2254495
2254479
2254464
2254447
2254437
2254260
2254181
2254143
2254142
2254032
2254033
2253957
2253943
2253930
2253928
2253926
2253927
2253925
2253923
2253916
2253900
2253859
2253726
2253698
2253682
2253641
2253528
2253386
2253380
2253376
2253375
2253353
2253351
2253281
2253249
2253244
2253227
2253210
2253208
2253209
2253207
2253197
2253187
2253185
2253157
2253155
2253140
2253136
2253118
2253096
2252905
2252888
2252860
2252691
2252622
2252611
2252579
2252528
2252520
2252514
2252515
2252513
2252497
2252495
2252496
2252493
2252494
2252492
2252480
2252479
2252312
2252234
2252108
2252094
2252033
2252013
2251968
2251932
2251850
2251845
2251790
2251722
2251702
2251700
2251659
2251650
2251608
2251604
2251597
2251575
2251430
2251409
2251373
2251372
2251309
2251192
2251149
2251107
2251100
2251091
2251051
2251015
2250963
2250936
2250933
2250914
2250912
2250902
2250900
2250899
2250898
2250897
2250890
2250865
2250840
2250833
2250809
2250803
2250752
2250723
2250722
2250708
2250703
2250695
2250614
2250561
2250532
2250518
2250513
2250497
2250483
2250425
2250330
2250329
2250315
2250198
2250181
2250179
2250127
2250095
2250092
2250068
2250055
2250026
2249944
2249930
2249913
2249884
2249876
2249856
2249852
2249834
2249819
2249814
2249815
2249795
2249793
2249511
2249413
2249408
2249318
2249232
2249206
2249125
2249023
2249022
2248995
2248927
2248923
2248920
2248812
2248744
2248734
2248550
2248544
2248534
2248511
2248499
2248498
2248431
2248303
2248302
2248294
2248292
2248287
2248282
2248278
2248276
2248269
2248247
2248236
2248233
2248186
2247982
2247950
2247887
2247861
2247821
2247815
2247804
2247787
2247766
2247749
2247704
2247693
2247692
2247614
2247602
2247547
2247463
2247445
2247436
2247435
2247421
2247409
2247339
2247334
2247329
2247328
2247306
2247230
2246999
2246947
2246940
2246876
2246803
2246802
2246786
2246743
2246739
2246709
2246679
2246672
2246667
2246639
2246633
2246631
2246607
2246535
2246527
2246377
2246270
2246210
2246152
2246096
2246075
2246017
2245963
2245826
2245803
2245792
2245786
2245781
2245750
2245669
2245609
2245594
2245324
2245276
2245275
2245273
2245252
2245181
2245136
2245135
2245134
2245130
2245115
2245069
2245025
2245014
2245003
2245001
2244977
2244978
2244921
2244876
2244835
2244832
2244827
2244791
2244786
2244777
2244763
2244762
2244720
2244667
2244601
2244496
2244492
2244420
2244356
2244330
2244313
2244312
2244193
2244024
2243877
2243860
2243861
2243851
2243846
2243817
2243770
2243756
2243741
2243735
2243723
2243682
2243670
2243646
2243540
2243526
2243514
2243475
2243471
2243457
2243448
2243418
2243410
2243347
2243342
2243321
2243094
2243091
2243092
2243052
2243037
2242994
2242934
2242897
2242874
2242839
2242821
2242794
2242793
2242790
2242789
2242787
2242788
2242784
2242786
2242782
2242717
2242566
2242547
2242530
2242475
2242460
2242377
2242019
2242016
2241967
2241964
2241928
2241912
2241893
2241891
2241853
2241841
2241821
2241812
2241767
2241652
2241394
2241389
2241335
2241332
2241330
2241270
2241229
2241222
2241209
2241146
2241142
2241141
2241127
2241115
2241114
2241085
2241084
2241065
2241043
2240926
2240835
2240834
2240704
2240621
2240577
2240563
2240564
2240527
2240520
2240508
2240506
2240455
2240440
2240434
2240399
2240398
2240395
2240394
2240387
2240383
2240382
2240379
2240376
2240373
2240345
2240343
2240342
2240340
2240332
2240324
2240316
2240280
2240273
2240164
2239975
2239853
2239757
2239654
2239651
2239645
2239624
2239602
2239591
2239589
2239580
2239559
2239515
2239494
2239473
2239460
2239464
2239465
2239430
2239421
2239415
2239398
2239374
2239352
2239335
2239319
2239306
2239293
2239268
2239266
2239248
2239238
2239205
2239132
2239009
2238974
2238932
2238922
2238822
2238819
2238797
2238627
2238614
2238596
2238591
2238587
2238586
2238446
2237859
2237768
2237756
2237755
2237747
2237702
2237639
2237627
2237628
2237613
2237559
2237543
2237540
2237530
2237503
2237489
2237467
2237462
2237442
2237256
2237205
2237191
2237170
2237120
2237025
2236948
2236935
2236912
2236904
2236898
2236900
2236846
2236819
2236778
2236776
2236733
2236715
2236676
2236528
2236244
2236137
2236140
2236107
2236084
2236033
2235966
2235962
2235926
2235856
2235850
2235773
2235663
2235490
2235454
2235451
2235432
2235406
2235348
2235333
2235323
2235263
2235207
2235200
2235174
2235165
2235014
2234998
2234966
2234965
2234961
2234958
2234956
2234948
2234943
2234885
2234813
2234528
2234515
2234502
2234413
2234312
2234291
2234277
2234198
2234183
2234178
2234175
2234172
2233911
2233906
2233874
2233855
2233852
2233851
2233840
2233767
2233673
2233666
2233660
2233591
2233589
2233491
2233374
2233368
2233327
2233284
2233283
2233281
2233271
2233203
2233112
2232991
2232987
2232979
2232970
2232936
2232888
2232875
2232857
2232825
2232803
2232801
2232800
2232798
2232795
2232793
2232792
2232791
2232789
2232782
2232774
2232762
2232761
2232752
2232751
2232748
2232744
2232740
2232736
2232712
2232619
2232587
2232558
2232458
2232435
2232404
2232384
2232379
2232338
2232336
2232334
2232294
2232248
2231992
2231965
2231912
2231913
2231860
2231815
2231801
2231781
2231771
2231729
2231723
2231705
2231665
2231655
2231652
2231580
2231525
2231434
2231400
2231328
2231266
2231225
2231067
2231065
2231051
2231000
2230986
2230975
2230947
2230933
2230931
2230929
2230870
2230832
2230780
2230765
2230371
2230370
2230343
2230315
2230302
2230285
2230279
2230257
2230246
2230205
2230189
2230167
2230131
2230029
2230010
2229994
2229912
2229747
2229671
2229614
2229544
2229525
2229522
2229446
2229427
2229425
2229424
2229414
2229380
2229369
2229364
2229358
2229334
2229333
2229335
2229331
2229332
2229315
2229313
2229302
2229224
2229199
2229184
2229125
2229098
2229071
2229042
2229041
2229039
2229032
2229000
2228980
2228951
2228900
2228891
2228877
2228851
2228815
2228705
2228673
2228639
2228609
2228591
2228510
2228405
2228333
2228224
2228220
2228055
2228040
2227995
2227961
2227903
2227897
2227879
2227873
2227872
2227874
2227871
2227854
2227831
2227827
2227817
2227814
2227758
2227645
2227608
2227387
2227319
2227250
2227241
2227188
2227153
2227137
2227107
2227089
2227074
2227069
2227068
2227049
2227046
2227040
2227013
2227011
2226959
2226939
2226911
2226902
2226840
2226794
2226769
2226702
2226680
2226678
2226658
2226644
2226636
2226546
2226532
2226534
2226531
2226535
2226536
2226526
2226493
2226401
2226398
2226392
2226308
2226302
2226282
2226264
2226216
2226208
2226168
2226021
2226020
2226011
2225972
2225973
2225974
2225968
2225921
2225907
2225888
2225849
2225783
2225774
2225748
2225745
2225742
2225737
2225599
2225575
2225469
2225463
2225464
2225397
2225389
2225375
2224880
2224761
2224748
2224685
2224669
2224640
2224536
2224241
2224196
2224149
2224140
2224136
2224065
2224051
2224047
2224015
2223962
2223951
2223897
2223892
2223868
2223858
2223800
2223723
2223660
2223583
2223514
2223475
2223437
2223396
2223327
2223257
2223254
2223243
2223238
2223162
2223155
2223020
2222936
2222911
2222348
2222309
2222277
2222155
2222137
2222112
2222102
2222070
2222069
2222062
2222036
2221957
2221863
2221715
2221686
2221676
2221607
2221595
2221502
2221452
2221422
2221412
2221316
2221283
2221254
2221251
2221218
2221183
2221177
2221094
2221090
2220973
2220961
2220921
2220909
2220776
2220684
2220677
2220671
2220664
2220656
2220625
2220587
2220430
2220425
2220346
2220319
2220247
2220207
2220174
2220160
2220102
2220099
2220065
2220062
2220059
2220002
2219995
2219994
2219993
2219919
2219512
2219479
2219415
2219356
2219334
2219312
2219225
2219213
2219115
2219045
2219026
2218919
2218851
2218843
2218829
2218798
2218740
2218739
2218671
2218593
2218581
2218533
2218432
2218419
2218416
2218366
2218367
2218368
2218370
2218300
2218129
2217895
2217864
2217840
2217802
2217787
2217771
2217765
2217747
2217651
2217629
2217567
2217547
2217182
2217180
2217151
2217139
2217063
2216919
2216909
2216750
2216744
2216743
2216742
2216739
2216736
2216724
2216644
2216642
2216494
2216447
2216410
2216331
2216309
2216241
2216230
2216228
2216086
2216066
2216067
2216032
2216030
2216022
2215995
2215963
2215943
2215885
2215854
2215811
2215769
2215711
2215477
2215476
2215306
2215228
2215168
2215152
2215071
2215068
2215044
2215040
2215033
2215027
2214965
2214925
2214916
2214913
2214858
2214775
2214690
2214652
2214653
2214651
2214495
2214489
2214381
2214245
2214207
2214200
2214033
2214023
2214018
2213821
2213819
2213798
2213787
2213768
2213687
2213631
2213611
2213505
2213354
2213150
2213034
2212927
2212888
2212885
2212878
2212860
2212820
2212807
2212805
2212806
2212662
2212626
2212620
2212535
2212531
2212497
2212470
2212468
2212456
2212400
2212388
2212341
2212317
2212245
2212204
2212173
2212147
2212123
2212090
2212041
2211917
2211819
2211813
2211748
2211741
2211738
2211735
2211679
2211613
2211567
2211562
2211525
2211495
2211410
2211409
2211398
2211386
2211380
2211349
2211346
2211331
2211324
2211192
2211188
2211133
2211095
2211096
2211094
2211093
2210856
2210839
2210796
2210794
2210775
2210749
2210726
2210722
2210701
2210672
2210661
2210579
2210549
2210548
2210545
2210396
2210393
2209919
2209796
2209702
2209675
2209665
2209625
2209608
2209606
2209607
2209591
2209566
2209430
2209427
2209385
2209306
2209293
2209241
2208854
2208848
2208747
2208695
2208626
2208605
2208539
2208478
2208472
2208475
2208474
2208471
2208476
2208477
2208473
2208432
2208425
2208330
2208310
2208286
2208194
2208191
2208138
2208140
2208142
2208132
2208054
2207979
2207945
2207887
2207803
2207772
2207732
2207641
2207634
2207631
2207623
2207578
2207554
2207426
2207425
2207423
2207418
2207375
2207336
2207320
2207292
2207230
2207145
2207127
2207099
2207084
2207049
2207011
2206943
2206931
2206814
2206743
2206557
2206460
2206458
2206443
2206433
2206407
2206397
2206279
2206255
2206202
2206135
2206087
2205922
2205920
2205911
2205905
2205902
2205837
2205835
2205744
2205727
2205620
2205617
2205614
2205583
2205551
2205532
2205524
2205491
2205451
2205420
2205266
2205226
2205112
2205109
2205058
2205043
2205021
2205006
2204975
2204919
2204912
2204862
2204784
2204782
2204780
2204778
2204771
2204768
2204766
2204760
2204751
2204697
2204689
2204679
2204653
2204623
2204621
2204620
2204618
2204617
2204613
2204612
2204609
2204607
2204604
2204536
2204284
2204200
2204197
2204198
2204196
2204141
2204095
2204064
2204030
2204027
2203966
2203963
2203960
2203943
2203923
2203898
2203842
2203818
2203815
2203784
2203755
2203535
2203534
2203335
2203299
2203224
2203216
2203063
2203031
2203028
2202995
2202910
2202889
2202453
2202438
2202310
2202291
2202242
2202241
2202209
2202191
2202069
2202056
2202054
2202049
2202032
2202031
2202026
2202018
2202009
2201837
2201822
2201819
2201788
2201770
2201609
2201553
2201532
2201478
2201444
2201346
2201317
2201290
2201289
2201285
2201283
2201281
2201282
2201264
2201156
2201119
2201041
2200996
2200771
2200694
2200636
2200575
2200509
2200506
2200486
2200473
2200461
2200449
2200412
2200411
2200407
2200406
2200004
2199962
2199868
2199833
2199782
2199731
2199692
2199677
2199648
2199632
2199527
2199513
2199327
2199206
2199149
2199080
2198959
2198928
2198909
2198828
2198821
2198812
2198807
2198552
2198546
2198334
2198255
2198172
2198103
2198089
2198006
2197991
2197952
2197935
2197889
2197882
2197721
2197718
2197709
2197369
2197324
2197325
2197296
2197258
2197253
2197251
2197228
2197223
2197221
2197211
2197207
2197200
2197197
2197195
2197187
2197183
2197182
2197179
2197176
2197145
2197136
2197122
2191325
1991203
1936353
1815068
1312022
